Using pre-set license
Built from '2020.3/staging' branch; Version is '2020.3.4f1 (0abb6314276a) revision 703331'; Using compiler version '192528614'; Build Type 'Release'
OS: 'Windows 10 Enterprise LTSC 2019; OS build 17763.1339; Version 1809; 64bit' Language: 'ru' Physical Memory: 8061 MB
BatchMode: 1, IsHumanControllingUs: 0, StartBugReporterOnCrash: 0, Is64bit: 1, IsPro: 0

 COMMAND LINE ARGUMENTS:
C:\Program Files\Unity\Hub\Editor\2020.3.4f1\Editor\Unity.exe
-adb2
-batchMode
-noUpm
-name
AssetImportWorker0
-projectPath
D:/UnityProjects/Prototype4HP
-logFile
Logs/AssetImportWorker0.log
-srvPort
50998
Successfully changed project path to: D:/UnityProjects/Prototype4HP
D:/UnityProjects/Prototype4HP
Using Asset Import Pipeline V2.
Refreshing native plugins compatible for Editor in 21.69 ms, found 0 plugins.
Preloading 0 native plugins for Editor in 0.00 ms.
Initialize engine version: 2020.3.4f1 (0abb6314276a)
[Subsystems] Discovering subsystems at path C:/Program Files/Unity/Hub/Editor/2020.3.4f1/Editor/Data/Resources/UnitySubsystems
[Subsystems] Discovering subsystems at path D:/UnityProjects/Prototype4HP/Assets
GfxDevice: creating device client; threaded=0
Direct3D:
    Version:  Direct3D 11.0 [level 11.1]
    Renderer: NVIDIA GeForce GTX 1650 (ID=0x1f99)
    Vendor:   
    VRAM:     3962 MB
    Driver:   27.21.14.6611
Initialize mono
Mono path[0] = 'C:/Program Files/Unity/Hub/Editor/2020.3.4f1/Editor/Data/Managed'
Mono path[1] = 'C:/Program Files/Unity/Hub/Editor/2020.3.4f1/Editor/Data/MonoBleedingEdge/lib/mono/unityjit'
Mono config path = 'C:/Program Files/Unity/Hub/Editor/2020.3.4f1/Editor/Data/MonoBleedingEdge/etc'
Using monoOptions --debugger-agent=transport=dt_socket,embedding=1,server=y,suspend=n,address=127.0.0.1:56364
Begin MonoManager ReloadAssembly
Registering precompiled unity dll's ...
Register platform support module: C:/Program Files/Unity/Hub/Editor/2020.3.4f1/Editor/Data/PlaybackEngines/WebGLSupport/UnityEditor.WebGL.Extensions.dll
Register platform support module: C:/Program Files/Unity/Hub/Editor/2020.3.4f1/Editor/Data/PlaybackEngines/WindowsStandaloneSupport/UnityEditor.WindowsStandalone.Extensions.dll
Registered in 0.001074 seconds.
Native extension for WindowsStandalone target not found
Native extension for WebGL target not found
Refreshing native plugins compatible for Editor in 25.27 ms, found 0 plugins.
Preloading 0 native plugins for Editor in 0.00 ms.
Mono: successfully reloaded assembly
- Completed reload, in  1.576 seconds
Platform modules already initialized, skipping
Registering precompiled user dll's ...
Registered in 0.000441 seconds.
Begin MonoManager ReloadAssembly
Native extension for WindowsStandalone target not found
Native extension for WebGL target not found
Refreshing native plugins compatible for Editor in 0.30 ms, found 0 plugins.
Preloading 0 native plugins for Editor in 0.00 ms.
Mono: successfully reloaded assembly
- Completed reload, in  0.703 seconds
Platform modules already initialized, skipping
========================================================================
Worker process is ready to serve import requests
Launched and connected shader compiler UnityShaderCompiler.exe after 0.04 seconds
Refreshing native plugins compatible for Editor in 0.27 ms, found 0 plugins.
Preloading 0 native plugins for Editor in 0.00 ms.
Unloading 1122 Unused Serialized files (Serialized files now loaded: 0)
System memory in use before: 77.4 MB.
System memory in use after: 77.5 MB.

Unloading 9 unused Assets to reduce memory usage. Loaded Objects now: 1591.
Total: 1.898000 ms (FindLiveObjects: 0.215200 ms CreateObjectMapping: 0.046600 ms MarkObjects: 1.521200 ms  DeleteObjects: 0.113500 ms)

========================================================================
Received Import Request.
  path: Assets/Prefabs/EnemyFast.prefab
  artifactKey: Guid(4dce2714f0e059449b4d7492aa297e5d) Importer(815301076,1909f56bfc062723c751e8b465ee728b)
Start importing Assets/Prefabs/EnemyFast.prefab using Guid(4dce2714f0e059449b4d7492aa297e5d) Importer(815301076,1909f56bfc062723c751e8b465ee728b)  -> (artifact id: 'b398a3b219a5f937a39a0d926b961fb3') in 0.086683 seconds
  Import took 0.088737 seconds .

========================================================================
Received Prepare
Refreshing native plugins compatible for Editor in 0.52 ms, found 0 plugins.
Preloading 0 native plugins for Editor in 0.00 ms.
Unloading 3 Unused Serialized files (Serialized files now loaded: 0)
System memory in use before: 58.4 MB.
System memory in use after: 58.4 MB.

Unloading 3 unused Assets to reduce memory usage. Loaded Objects now: 1599.
Total: 2.395700 ms (FindLiveObjects: 0.228700 ms CreateObjectMapping: 0.067100 ms MarkObjects: 2.025700 ms  DeleteObjects: 0.072300 ms)

========================================================================
Received Import Request.
  Time since last request: 29.624270 seconds.
  path: Assets/Prefabs/Boss.prefab
  artifactKey: Guid(1d8be462c7f03a0439f6e15c115c9a6c) Importer(815301076,1909f56bfc062723c751e8b465ee728b)
Start importing Assets/Prefabs/Boss.prefab using Guid(1d8be462c7f03a0439f6e15c115c9a6c) Importer(815301076,1909f56bfc062723c751e8b465ee728b)  -> (artifact id: 'f988a522a8bc7474dd905816521bf71a') in 0.011615 seconds
  Import took 0.014417 seconds .

========================================================================
Received Prepare
Registering precompiled user dll's ...
Registered in 0.000489 seconds.
Begin MonoManager ReloadAssembly
Native extension for WindowsStandalone target not found
Native extension for WebGL target not found
Refreshing native plugins compatible for Editor in 0.29 ms, found 0 plugins.
Preloading 0 native plugins for Editor in 0.00 ms.
Mono: successfully reloaded assembly
- Completed reload, in  0.730 seconds
Platform modules already initialized, skipping
Refreshing native plugins compatible for Editor in 0.23 ms, found 0 plugins.
Preloading 0 native plugins for Editor in 0.00 ms.
Unloading 1116 Unused Serialized files (Serialized files now loaded: 0)
System memory in use before: 80.4 MB.
System memory in use after: 80.5 MB.

Unloading 5 unused Assets to reduce memory usage. Loaded Objects now: 1602.
Total: 1.938400 ms (FindLiveObjects: 0.147700 ms CreateObjectMapping: 0.029600 ms MarkObjects: 1.649700 ms  DeleteObjects: 0.109700 ms)

========================================================================
Received Prepare
Registering precompiled user dll's ...
Registered in 0.000438 seconds.
Begin MonoManager ReloadAssembly
Native extension for WindowsStandalone target not found
Native extension for WebGL target not found
Refreshing native plugins compatible for Editor in 0.25 ms, found 0 plugins.
Preloading 0 native plugins for Editor in 0.00 ms.
Mono: successfully reloaded assembly
- Completed reload, in  0.647 seconds
Platform modules already initialized, skipping
Refreshing native plugins compatible for Editor in 0.22 ms, found 0 plugins.
Preloading 0 native plugins for Editor in 0.00 ms.
Unloading 1116 Unused Serialized files (Serialized files now loaded: 0)
System memory in use before: 80.4 MB.
System memory in use after: 80.5 MB.

Unloading 5 unused Assets to reduce memory usage. Loaded Objects now: 1605.
Total: 2.172800 ms (FindLiveObjects: 0.252400 ms CreateObjectMapping: 0.068400 ms MarkObjects: 1.768100 ms  DeleteObjects: 0.081200 ms)

========================================================================
Received Prepare
Registering precompiled user dll's ...
Registered in 0.000422 seconds.
Begin MonoManager ReloadAssembly
Native extension for WindowsStandalone target not found
Native extension for WebGL target not found
Refreshing native plugins compatible for Editor in 0.22 ms, found 0 plugins.
Preloading 0 native plugins for Editor in 0.00 ms.
Mono: successfully reloaded assembly
- Completed reload, in  0.647 seconds
Platform modules already initialized, skipping
Refreshing native plugins compatible for Editor in 0.24 ms, found 0 plugins.
Preloading 0 native plugins for Editor in 0.00 ms.
Unloading 1116 Unused Serialized files (Serialized files now loaded: 0)
System memory in use before: 80.4 MB.
System memory in use after: 80.5 MB.

Unloading 5 unused Assets to reduce memory usage. Loaded Objects now: 1608.
Total: 1.643500 ms (FindLiveObjects: 0.177000 ms CreateObjectMapping: 0.028300 ms MarkObjects: 1.354800 ms  DeleteObjects: 0.082000 ms)

========================================================================
Received Prepare
Registering precompiled user dll's ...
Registered in 0.000478 seconds.
Begin MonoManager ReloadAssembly
Native extension for WindowsStandalone target not found
Native extension for WebGL target not found
Refreshing native plugins compatible for Editor in 0.22 ms, found 0 plugins.
Preloading 0 native plugins for Editor in 0.00 ms.
Mono: successfully reloaded assembly
- Completed reload, in  0.641 seconds
Platform modules already initialized, skipping
Refreshing native plugins compatible for Editor in 0.22 ms, found 0 plugins.
Preloading 0 native plugins for Editor in 0.00 ms.
Unloading 1116 Unused Serialized files (Serialized files now loaded: 0)
System memory in use before: 80.5 MB.
System memory in use after: 80.5 MB.

Unloading 5 unused Assets to reduce memory usage. Loaded Objects now: 1611.
Total: 2.030900 ms (FindLiveObjects: 0.223500 ms CreateObjectMapping: 0.068300 ms MarkObjects: 1.655500 ms  DeleteObjects: 0.082200 ms)

========================================================================
Received Prepare
Registering precompiled user dll's ...
Registered in 0.000436 seconds.
Begin MonoManager ReloadAssembly
Native extension for WindowsStandalone target not found
Native extension for WebGL target not found
Refreshing native plugins compatible for Editor in 0.22 ms, found 0 plugins.
Preloading 0 native plugins for Editor in 0.00 ms.
Mono: successfully reloaded assembly
- Completed reload, in  0.627 seconds
Platform modules already initialized, skipping
Refreshing native plugins compatible for Editor in 0.22 ms, found 0 plugins.
Preloading 0 native plugins for Editor in 0.00 ms.
Unloading 1116 Unused Serialized files (Serialized files now loaded: 0)
System memory in use before: 80.5 MB.
System memory in use after: 80.5 MB.

Unloading 5 unused Assets to reduce memory usage. Loaded Objects now: 1614.
Total: 2.459500 ms (FindLiveObjects: 0.283900 ms CreateObjectMapping: 0.037900 ms MarkObjects: 2.018300 ms  DeleteObjects: 0.117100 ms)

========================================================================
Received Prepare
Registering precompiled user dll's ...
Registered in 0.001240 seconds.
Begin MonoManager ReloadAssembly
Native extension for WindowsStandalone target not found
Native extension for WebGL target not found
Refreshing native plugins compatible for Editor in 0.22 ms, found 0 plugins.
Preloading 0 native plugins for Editor in 0.00 ms.
Mono: successfully reloaded assembly
- Completed reload, in  0.686 seconds
Platform modules already initialized, skipping
Refreshing native plugins compatible for Editor in 0.26 ms, found 0 plugins.
Preloading 0 native plugins for Editor in 0.00 ms.
Unloading 1116 Unused Serialized files (Serialized files now loaded: 0)
System memory in use before: 80.5 MB.
System memory in use after: 80.5 MB.

Unloading 5 unused Assets to reduce memory usage. Loaded Objects now: 1617.
Total: 2.673800 ms (FindLiveObjects: 0.246000 ms CreateObjectMapping: 0.068000 ms MarkObjects: 2.255500 ms  DeleteObjects: 0.102400 ms)

========================================================================
Received Import Request.
  Time since last request: 289.715171 seconds.
  path: Assets/Prefabs/Boss.prefab
  artifactKey: Guid(1d8be462c7f03a0439f6e15c115c9a6c) Importer(815301076,1909f56bfc062723c751e8b465ee728b)
Start importing Assets/Prefabs/Boss.prefab using Guid(1d8be462c7f03a0439f6e15c115c9a6c) Importer(815301076,1909f56bfc062723c751e8b465ee728b)  -> (artifact id: 'f18de21cc80869ea448a9055f5bad14b') in 0.054850 seconds
  Import took 0.057453 seconds .

========================================================================
Received Import Request.
  Time since last request: 38.560051 seconds.
  path: Assets/Scripts/SpawnManager.cs
  artifactKey: Guid(c17e78ca2d0a19a429d5b8243869404a) Importer(815301076,1909f56bfc062723c751e8b465ee728b)
Start importing Assets/Scripts/SpawnManager.cs using Guid(c17e78ca2d0a19a429d5b8243869404a) Importer(815301076,1909f56bfc062723c751e8b465ee728b)  -> (artifact id: '70ed05d6d19eb501d85928aaf71f1c4a') in 0.005821 seconds
  Import took 0.008074 seconds .

========================================================================
Received Import Request.
  Time since last request: 0.012535 seconds.
  path: Assets/Scripts/RocketBehavior.cs
  artifactKey: Guid(69d63f038277b754b8be5f450b5c0b18) Importer(815301076,1909f56bfc062723c751e8b465ee728b)
Start importing Assets/Scripts/RocketBehavior.cs using Guid(69d63f038277b754b8be5f450b5c0b18) Importer(815301076,1909f56bfc062723c751e8b465ee728b)  -> (artifact id: '931c3f2fce168fbe50bc9b27489cbd36') in 0.000945 seconds
  Import took 0.003185 seconds .

========================================================================
Received Import Request.
  Time since last request: 0.011996 seconds.
  path: Assets/Scripts/PowerUp.cs
  artifactKey: Guid(0cdcad035c32e974fba8c715c898d05c) Importer(815301076,1909f56bfc062723c751e8b465ee728b)
Start importing Assets/Scripts/PowerUp.cs using Guid(0cdcad035c32e974fba8c715c898d05c) Importer(815301076,1909f56bfc062723c751e8b465ee728b)  -> (artifact id: 'cf96eacdd27ab2696cb42a0076b3f4ea') in 0.000994 seconds
  Import took 0.003070 seconds .

========================================================================
Received Import Request.
  Time since last request: 0.001499 seconds.
  path: Assets/Scenes/Prototype 4.unity
  artifactKey: Guid(a4b96ad7a65484fd4a83cb97540eee50) Importer(815301076,1909f56bfc062723c751e8b465ee728b)
Start importing Assets/Scenes/Prototype 4.unity using Guid(a4b96ad7a65484fd4a83cb97540eee50) Importer(815301076,1909f56bfc062723c751e8b465ee728b)  -> (artifact id: '8d132e06d64dd85fd492aab76f7a2d83') in 0.001596 seconds
  Import took 0.003845 seconds .

========================================================================
Received Import Request.
  Time since last request: 0.038241 seconds.
  path: Assets/Scripts/Enemy.cs
  artifactKey: Guid(815f4dbfd72357d47b76e7329efbf9dd) Importer(815301076,1909f56bfc062723c751e8b465ee728b)
Start importing Assets/Scripts/Enemy.cs using Guid(815f4dbfd72357d47b76e7329efbf9dd) Importer(815301076,1909f56bfc062723c751e8b465ee728b)  -> (artifact id: '03a998e0dafdd71c39ef7834460fbed0') in 0.001041 seconds
  Import took 0.003617 seconds .

========================================================================
Received Import Request.
  Time since last request: 0.016797 seconds.
  path: Assets/Scripts/RotateCamera.cs
  artifactKey: Guid(7eed14629f5c8524c9f42133dcf337bb) Importer(815301076,1909f56bfc062723c751e8b465ee728b)
Start importing Assets/Scripts/RotateCamera.cs using Guid(7eed14629f5c8524c9f42133dcf337bb) Importer(815301076,1909f56bfc062723c751e8b465ee728b)  -> (artifact id: '0b12297d08551bab286f7cf988451eaa') in 0.001085 seconds
  Import took 0.003267 seconds .

========================================================================
Received Import Request.
  Time since last request: 0.037691 seconds.
  path: Assets/Scripts/PlayerController.cs
  artifactKey: Guid(26d1f5ccaf751ec4fae0f1a009808958) Importer(815301076,1909f56bfc062723c751e8b465ee728b)
Start importing Assets/Scripts/PlayerController.cs using Guid(26d1f5ccaf751ec4fae0f1a009808958) Importer(815301076,1909f56bfc062723c751e8b465ee728b)  -> (artifact id: 'cde6a15a64eef96ead2195dfaad52e9d') in 0.000991 seconds
  Import took 0.003036 seconds .

AssetImportWorkerClient::OnTransportError - code=2 error=End of file
